<?xml version='1.0' encoding='utf-8'?>
<!DOCTYPE coverage SYSTEM 'http://cobertura.sourceforge.net/xml/coverage-04.dtd'>
<coverage line-rate="0.8168462291870715" branch-rate="0.6210678210678211" lines-covered="3336" lines-valid="4084" branches-covered="2152" branches-valid="3465" complexity="0.0" timestamp="1776786181" version="gcovr 8.6"><sources><source>/home/runner/work/moocore/moocore/python</source></sources><packages><package name="src.moocore.libmoocore" line-rate="0.8154453491241056" branch-rate="0.6201909169800405" complexity="0.0"><classes><class name="avl_c" filename="src/moocore/libmoocore/avl.c" line-rate="0.7016806722689075" branch-rate="0.6594827586206896" complexity="0.0"><methods><method name="avl_check_balance" signature="" line-rate="1.0" branch-rate="1.0" complexity="0.0"><lines><line number="64" hits="2097042" branch="false"/><line number="67" hits="2097042" branch="true" condition-coverage="100% (4/4)"><conditions><condition number="0" type="jump" coverage="100%"/></conditions></line><line number="68" hits="2097042" branch="true" condition-coverage="100% (2/2)"><conditions><condition number="0" type="jump" coverage="100%"/></conditions></line></lines></method><method name="avl_search_closest" signature="" line-rate="0.875" branch-rate="0.75" complexity="0.0"><lines><line number="133" hits="83744" branch="false"/><line number="138" hits="83744" branch="true" condition-coverage="50% (1/2)"><conditions><condition number="0" type="jump" coverage="50%"/></conditions></line><line number="141" hits="83744" branch="false"/><line number="143" hits="83744" branch="true" condition-coverage="50% (1/2)"><conditions><condition number="0" type="jump" coverage="50%"/></conditions></line><line number="144" hits="0" branch="false"/><line number="146" hits="83744" branch="false"/><line number="149" hits="489862" branch="false"/><line number="151" hits="489862" branch="true" condition-coverage="100% (2/2)"><conditions><condition number="0" type="jump" coverage="100%"/></conditions></line><line number="152" hits="255852" branch="true" condition-coverage="100% (2/2)"><conditions><condition number="0" type="jump" coverage="100%"/></conditions></line><line number="153" hits="218080" branch="false"/><line number="155" hits="37772" branch="false"/><line number="156" hits="234010" branch="true" condition-coverage="50% (1/2)"><conditions><condition number="0" type="jump" coverage="50%"/></conditions></line><line number="157" hits="234010" branch="true" condition-coverage="100% (2/2)"><conditions><condition number="0" type="jump" coverage="100%"/></conditions></line><line number="158" hits="188038" branch="false"/><line number="160" hits="45972" branch="false"/><line number="162" hits="0" branch="false"/></lines></method><method name="avl_search" signature="" line-rate="0.0" branch-rate="0.0" complexity="0.0"><lines><line number="172" hits="0" branch="false"/><line number="174" hits="0" branch="true" condition-coverage="0% (0/2)"><conditions><condition number="0" type="jump" coverage="0%"/></conditions></line></lines></method><method name="avl_init_tree" signature="" line-rate="1.0" branch-rate="0.5" complexity="0.0"><lines><line number="177" hits="120" branch="false"/><line number="178" hits="120" branch="true" condition-coverage="50% (1/2)"><conditions><condition number="0" type="jump" coverage="50%"/></conditions></line><line number="179" hits="120" branch="false"/><line number="180" hits="120" branch="false"/><line number="181" hits="120" branch="false"/><line number="182" hits="120" branch="false"/><line number="183" hits="120" branch="false"/><line number="185" hits="120" branch="false"/></lines></method><method name="avl_alloc_tree" signature="" line-rate="1.0" branch-rate="1.0" complexity="0.0"><lines><line number="188" hits="120" branch="false"/><line number="189" hits="120" branch="false"/></lines></method><method name="avl_clear_tree" signature="" line-rate="0.0" branch-rate="1.0" complexity="0.0"><lines><line number="192" hits="0" branch="false"/><line number="193" hits="0" branch="false"/><line number="194" hits="0" branch="false"/></lines></method><method name="avl_free_nodes" signature="" line-rate="0.0" branch-rate="0.0" complexity="0.0"><lines><line number="196" hits="0" branch="false"/><line number="200" hits="0" branch="false"/><line number="202" hits="0" branch="true" condition-coverage="0% (0/2)"><conditions><condition number="0" type="jump" coverage="0%"/></conditions></line><line number="203" hits="0" branch="false"/><line number="204" hits="0" branch="true" condition-coverage="0% (0/2)"><conditions><condition number="0" type="jump" coverage="0%"/></conditions></line><line number="205" hits="0" branch="false"/><line number="206" hits="0" branch="false"/><line number="209" hits="0" branch="false"/><line number="210" hits="0" branch="false"/></lines></method><method name="avl_free_tree" signature="" line-rate="0.0" branch-rate="1.0" complexity="0.0"><lines><line number="218" hits="0" branch="false"/><line number="219" hits="0" branch="false"/><line number="220" hits="0" branch="false"/><line number="221" hits="0" branch="false"/></lines></method><method name="avl_clear_node" signature="" line-rate="1.0" branch-rate="1.0" complexity="0.0"><lines><line number="223" hits="365072" branch="false"/><line number="224" hits="365072" branch="false"/><line number="229" hits="365072" branch="false"/><line number="231" hits="365072" branch="false"/></lines></method><method name="avl_init_node" signature="" line-rate="1.0" branch-rate="0.5" complexity="0.0"><lines><line number="233" hits="187514" branch="false"/><line number="234" hits="187514" branch="true" condition-coverage="50% (1/2)"><conditions><condition number="0" type="jump" coverage="50%"/></conditions></line><line number="235" hits="187514" branch="false"/><line number="236" hits="187514" branch="false"/><line number="238" hits="187514" branch="false"/></lines></method><method name="avl_insert_top" signature="" line-rate="1.0" branch-rate="1.0" complexity="0.0"><lines><line number="241" hits="120" branch="false"/><line number="242" hits="120" branch="false"/><line number="243" hits="120" branch="false"/><line number="244" hits="120" branch="false"/><line number="245" hits="120" branch="false"/></lines></method><method name="avl_insert_before" signature="" line-rate="0.7222222222222222" branch-rate="0.375" complexity="0.0"><lines><line number="248" hits="85814" branch="false"/><line number="249" hits="85814" branch="true" condition-coverage="50% (1/2)"><conditions><condition number="0" type="jump" coverage="50%"/></conditions></line><line number="250" hits="0" branch="false"/><line number="251" hits="0" branch="false"/><line number="252" hits="0" branch="true" condition-coverage="0% (0/2)"><conditions><condition number="0" type="jump" coverage="0%"/></conditions></line><line number="254" hits="85814" branch="true" condition-coverage="50% (1/2)"><conditions><condition number="0" type="jump" coverage="50%"/></conditions></line><line number="255" hits="0" branch="false"/><line number="257" hits="85814" branch="false"/><line number="259" hits="85814" branch="false"/><line number="260" hits="85814" branch="false"/><line number="262" hits="85814" branch="false"/><line number="263" hits="85814" branch="true" condition-coverage="50% (1/2)"><conditions><condition number="0" type="jump" coverage="50%"/></conditions></line><line number="264" hits="85814" branch="false"/><line number="266" hits="0" branch="false"/><line number="267" hits="85814" branch="false"/><line number="269" hits="85814" branch="false"/><line number="270" hits="85814" branch="false"/><line number="271" hits="85814" branch="false"/></lines></method><method name="avl_insert_after" signature="" line-rate="0.8333333333333334" branch-rate="0.625" complexity="0.0"><lines><line number="274" hits="177438" branch="false"/><line number="275" hits="177438" branch="true" condition-coverage="50% (1/2)"><conditions><condition number="0" type="jump" coverage="50%"/></conditions></line><line number="276" hits="0" branch="false"/><line number="277" hits="0" branch="false"/><line number="278" hits="0" branch="true" condition-coverage="0% (0/2)"><conditions><condition number="0" type="jump" coverage="0%"/></conditions></line><line number="280" hits="177438" branch="true" condition-coverage="100% (2/2)"><conditions><condition number="0" type="jump" coverage="100%"/></conditions></line><line number="281" hits="85814" branch="false"/><line number="283" hits="91624" branch="false"/><line number="285" hits="91624" branch="false"/><line number="286" hits="91624" branch="false"/><line number="288" hits="91624" branch="false"/><line number="289" hits="91624" branch="true" condition-coverage="100% (2/2)"><conditions><condition number="0" type="jump" coverage="100%"/></conditions></line><line number="290" hits="91544" branch="false"/><line number="292" hits="80" branch="false"/><line number="293" hits="91624" branch="false"/><line number="295" hits="91624" branch="false"/><line number="296" hits="91624" branch="false"/><line number="297" hits="91624" branch="false"/></lines></method><method name="avl_insert_node" signature="" line-rate="0.0" branch-rate="0.0" complexity="0.0"><lines><line number="300" hits="0" branch="false"/><line number="303" hits="0" branch="true" condition-coverage="0% (0/2)"><conditions><condition number="0" type="jump" coverage="0%"/></conditions></line><line number="304" hits="0" branch="false"/><line number="306" hits="0" branch="true" condition-coverage="0% (0/3)"><conditions><condition number="0" type="jump" coverage="0%"/></conditions></line><line number="307" hits="0" branch="false"/><line number="308" hits="0" branch="false"/><line number="309" hits="0" branch="false"/><line number="310" hits="0" branch="false"/></lines></method><method name="avl_insert" signature="" line-rate="0.0" branch-rate="0.0" complexity="0.0"><lines><line number="321" hits="0" branch="false"/><line number="324" hits="0" branch="false"/><line number="325" hits="0" branch="true" condition-coverage="0% (0/2)"><conditions><condition number="0" type="jump" coverage="0%"/></conditions></line><line number="326" hits="0" branch="true" condition-coverage="0% (0/2)"><conditions><condition number="0" type="jump" coverage="0%"/></conditions></line><line number="328" hits="0" branch="false"/><line number="329" hits="0" branch="false"/></lines></method><method name="avl_unlink_node" signature="" line-rate="1.0" branch-rate="1.0" complexity="0.0"><lines><line number="340" hits="176136" branch="false"/><line number="346" hits="176136" branch="true" condition-coverage="100% (2/2)"><conditions><condition number="0" type="jump" coverage="100%"/></conditions></line><line number="347" hits="176096" branch="false"/><line number="349" hits="40" branch="false"/><line number="351" hits="176136" branch="true" condition-coverage="100% (2/2)"><conditions><condition number="0" type="jump" coverage="100%"/></conditions></line><line number="352" hits="176096" branch="false"/><line number="354" hits="40" branch="false"/><line number="356" hits="176136" branch="false"/><line number="359" hits="171184" branch="false"/><line number="360" hits="176136" branch="true" condition-coverage="100% (4/4)"><conditions><condition number="0" type="jump" coverage="100%"/></conditions></line><line number="362" hits="176136" branch="false"/><line number="363" hits="176136" branch="false"/><line number="364" hits="176136" branch="true" condition-coverage="100% (2/2)"><conditions><condition number="0" type="jump" coverage="100%"/></conditions></line><line number="365" hits="43296" branch="false"/><line number="366" hits="43296" branch="true" condition-coverage="100% (2/2)"><conditions><condition number="0" type="jump" coverage="100%"/></conditions></line><line number="367" hits="28806" branch="false"/><line number="369" hits="132840" branch="true" condition-coverage="100% (2/2)"><conditions><condition number="0" type="jump" coverage="100%"/></conditions></line><line number="370" hits="1348" branch="false"/><line number="371" hits="1348" branch="false"/><line number="374" hits="131492" branch="false"/><line number="375" hits="131492" branch="true" condition-coverage="100% (2/2)"><conditions><condition number="0" type="jump" coverage="100%"/></conditions></line><line number="378" hits="70770" branch="false"/><line number="379" hits="70770" branch="false"/><line number="380" hits="70770" branch="true" condition-coverage="100% (2/2)"><conditions><condition number="0" type="jump" coverage="100%"/></conditions></line><line number="381" hits="7858" branch="false"/><line number="382" hits="70770" branch="false"/><line number="383" hits="70770" branch="false"/><line number="385" hits="131492" branch="false"/><line number="386" hits="131492" branch="false"/><line number="387" hits="131492" branch="false"/><line number="388" hits="131492" branch="false"/><line number="391" hits="176136" branch="false"/><line number="392" hits="176136" branch="false"/></lines></method><method name="avl_delete_node" signature="" line-rate="0.0" branch-rate="0.0" complexity="0.0"><lines><line number="394" hits="0" branch="false"/><line number="396" hits="0" branch="true" condition-coverage="0% (0/2)"><conditions><condition number="0" type="jump" coverage="0%"/></conditions></line><line number="397" hits="0" branch="false"/><line number="398" hits="0" branch="false"/><line number="399" hits="0" branch="true" condition-coverage="0% (0/2)"><conditions><condition number="0" type="jump" coverage="0%"/></conditions></line><line number="400" hits="0" branch="false"/><line number="401" hits="0" branch="false"/><line number="403" hits="0" branch="false"/></lines></method><method name="avl_delete" signature="" line-rate="0.0" branch-rate="1.0" complexity="0.0"><lines><line number="406" hits="0" branch="false"/><line number="407" hits="0" branch="false"/></lines></method><method name="avl_fixup_node" signature="" line-rate="0.0" branch-rate="0.0" complexity="0.0"><lines><line number="410" hits="0" branch="false"/><line number="413" hits="0" branch="true" condition-coverage="0% (0/2)"><conditions><condition number="0" type="jump" coverage="0%"/></conditions></line><line number="416" hits="0" branch="false"/><line number="417" hits="0" branch="true" condition-coverage="0% (0/2)"><conditions><condition number="0" type="jump" coverage="0%"/></conditions></line><line number="418" hits="0" branch="false"/><line number="419" hits="0" branch="false"/><line number="421" hits="0" branch="false"/><line number="424" hits="0" branch="false"/><line number="425" hits="0" branch="true" condition-coverage="0% (0/2)"><conditions><condition number="0" type="jump" coverage="0%"/></conditions></line><line number="426" hits="0" branch="false"/><line number="427" hits="0" branch="false"/><line number="429" hits="0" branch="false"/><line number="432" hits="0" branch="false"/><line number="433" hits="0" branch="true" condition-coverage="0% (0/2)"><conditions><condition number="0" type="jump" coverage="0%"/></conditions></line><line number="434" hits="0" branch="true" condition-coverage="0% (0/2)"><conditions><condition number="0" type="jump" coverage="0%"/></conditions></line><line number="435" hits="0" branch="false"/><line number="437" hits="0" branch="false"/><line number="439" hits="0" branch="false"/><line number="440" hits="0" branch="false"/></lines></method><method name="avl_rebalance" signature="" line-rate="1.0" branch-rate="0.7482993197278912" complexity="0.0"><lines><line number="455" hits="353574" branch="false"/><line number="463" hits="2450616" branch="true" condition-coverage="100% (2/2)"><conditions><condition number="0" type="jump" coverage="100%"/></conditions></line><line number="464" hits="2097042" branch="false"/><line number="467" hits="1743468" branch="false"/><line number="468" hits="2097042" branch="true" condition-coverage="100% (4/4)"><conditions><condition number="0" type="jump" coverage="100%"/></conditions></line><line number="470" hits="2097042" branch="true" condition-coverage="100% (3/3)"><conditions><condition number="0" type="jump" coverage="100%"/></conditions></line><line number="471" hits="55286" branch="false"/><line number="472" hits="55286" branch="false"/><line number="474" hits="55286" branch="true" condition-coverage="100% (6/6)"><conditions><condition number="0" type="jump" coverage="100%"/></conditions></line><line number="482" hits="30592" branch="false"/><line number="483" hits="30592" branch="true" condition-coverage="100% (2/2)"><conditions><condition number="0" type="jump" coverage="100%"/></conditions></line><line number="484" hits="12468" branch="false"/><line number="485" hits="30592" branch="false"/><line number="486" hits="30592" branch="false"/><line number="487" hits="30592" branch="false"/><line number="488" hits="30592" branch="false"/><line number="494" hits="30592" branch="true" condition-coverage="90% (9/10)"><conditions><condition number="0" type="jump" coverage="90%"/></conditions></line><line number="495" hits="30592" branch="true" condition-coverage="40% (4/10)"><conditions><condition number="0" type="jump" coverage="40%"/></conditions></line><line number="499" hits="24694" branch="false"/><line number="500" hits="24694" branch="true" condition-coverage="100% (2/2)"><conditions><condition number="0" type="jump" coverage="100%"/></conditions></line><line number="501" hits="5402" branch="false"/><line number="502" hits="24694" branch="false"/><line number="503" hits="24694" branch="true" condition-coverage="100% (2/2)"><conditions><condition number="0" type="jump" coverage="100%"/></conditions></line><line number="504" hits="6102" branch="false"/><line number="505" hits="24694" branch="false"/><line number="507" hits="24694" branch="false"/><line number="508" hits="24694" branch="false"/><line number="509" hits="24694" branch="true" condition-coverage="50% (1/2)"><conditions><condition number="0" type="jump" coverage="50%"/></conditions></line><line number="510" hits="24694" branch="false"/><line number="511" hits="24694" branch="false"/><line number="512" hits="24694" branch="false"/><line number="519" hits="24694" branch="true" condition-coverage="70% (7/10)"><conditions><condition number="0" type="jump" coverage="70%"/></conditions></line><line number="520" hits="24694" branch="true" condition-coverage="90% (9/10)"><conditions><condition number="0" type="jump" coverage="90%"/></conditions></line><line number="521" hits="24694" branch="true" condition-coverage="40% (4/10)"><conditions><condition number="0" type="jump" coverage="40%"/></conditions></line><line number="525" hits="63574" branch="false"/><line number="526" hits="63574" branch="false"/><line number="528" hits="63574" branch="true" condition-coverage="100% (6/6)"><conditions><condition number="0" type="jump" coverage="100%"/></conditions></line><line number="536" hits="33592" branch="false"/><line number="537" hits="33592" branch="true" condition-coverage="100% (2/2)"><conditions><condition number="0" type="jump" coverage="100%"/></conditions></line><line number="538" hits="16084" branch="false"/><line number="539" hits="33592" branch="false"/><line number="540" hits="33592" branch="false"/><line number="541" hits="33592" branch="false"/><line number="542" hits="33592" branch="false"/><line number="548" hits="33592" branch="true" condition-coverage="70% (7/10)"><conditions><condition number="0" type="jump" coverage="70%"/></conditions></line><line number="549" hits="33592" branch="true" condition-coverage="60% (6/10)"><conditions><condition number="0" type="jump" coverage="60%"/></conditions></line><line number="553" hits="29982" branch="false"/><line number="554" hits="29982" branch="true" condition-coverage="100% (2/2)"><conditions><condition number="0" type="jump" coverage="100%"/></conditions></line><line number="555" hits="8558" branch="false"/><line number="556" hits="29982" branch="false"/><line number="557" hits="29982" branch="true" condition-coverage="100% (2/2)"><conditions><condition number="0" type="jump" coverage="100%"/></conditions></line><line number="558" hits="7162" branch="false"/><line number="559" hits="29982" branch="false"/><line number="561" hits="29982" branch="false"/><line number="562" hits="29982" branch="false"/><line number="563" hits="29982" branch="true" condition-coverage="50% (1/2)"><conditions><condition number="0" type="jump" coverage="50%"/></conditions></line><line number="564" hits="29982" branch="false"/><line number="565" hits="29982" branch="false"/><line number="566" hits="29982" branch="false"/><line number="573" hits="29982" branch="true" condition-coverage="90% (9/10)"><conditions><condition number="0" type="jump" coverage="90%"/></conditions></line><line number="574" hits="29982" branch="true" condition-coverage="70% (7/10)"><conditions><condition number="0" type="jump" coverage="70%"/></conditions></line><line number="575" hits="29982" branch="true" condition-coverage="40% (4/10)"><conditions><condition number="0" type="jump" coverage="40%"/></conditions></line><line number="579" hits="1978182" branch="false"/><line number="584" hits="1978182" branch="true" condition-coverage="90% (9/10)"><conditions><condition number="0" type="jump" coverage="90%"/></conditions></line><line number="589" hits="353574" branch="false"/></lines></method></methods><lines><line number="64" hits="2097042" branch="false"/><line number="67" hits="2097042" branch="true" condition-coverage="100% (4/4)"><conditions><condition number="0" type="jump" coverage="100%"/></conditions></line><line number="68" hits="2097042" branch="true" condition-coverage="100% (2/2)"><conditions><condition number="0" type="jump" coverage="100%"/></conditions></line><line number="133" hits="83744" branch="false"/><line number="138" hits="83744" branch="true" condition-coverage="50% (1/2)"><conditions><condition number="0" type="jump" coverage="50%"/></conditions></line><line number="141" hits="83744" branch="false"/><line number="143" hits="83744" branch="true" condition-coverage="50% (1/2)"><conditions><condition number="0" type="jump" coverage="50%"/></conditions></line><line number="144" hits="0" branch="false"/><line number="146" hits="83744" branch="false"/><line number="149" hits="489862" branch="false"/><line number="151" hits="489862" branch="true" condition-coverage="100% (2/2)"><conditions><condition number="0" type="jump" coverage="100%"/></conditions></line><line number="152" hits="255852" branch="true" condition-coverage="100% (2/2)"><conditions><condition number="0" type="jump" coverage="100%"/></conditions></line><line number="153" hits="218080" branch="false"/><line number="155" hits="37772" branch="false"/><line number="156" hits="234010" branch="true" condition-coverage="50% (1/2)"><conditions><condition number="0" type="jump" coverage="50%"/></conditions></line><line number="157" hits="234010" branch="true" condition-coverage="100% (2/2)"><conditions><condition number="0" type="jump" coverage="100%"/></conditions></line><line number="158" hits="188038" branch="false"/><line number="160" hits="45972" branch="false"/><line number="162" hits="0" branch="false"/><line number="172" hits="0" branch="false"/><line number="174" hits="0" branch="true" condition-coverage="0% (0/2)"><conditions><condition number="0" type="jump" coverage="0%"/></conditions></line><line number="177" hits="120" branch="false"/><line number="178" hits="120" branch="true" condition-coverage="50% (1/2)"><conditions><condition number="0" type="jump" coverage="50%"/></conditions></line><line number="179" hits="120" branch="false"/><line number="180" hits="120" branch="false"/><line number="181" hits="120" branch="false"/><line number="182" hits="120" branch="false"/><line number="183" hits="120" branch="false"/><line number="185" hits="120" branch="false"/><line number="188" hits="120" branch="false"/><line number="189" hits="120" branch="false"/><line number="192" hits="0" branch="false"/><line number="193" hits="0" branch="false"/><line number="194" hits="0" branch="false"/><line number="196" hits="0" branch="false"/><line number="200" hits="0" branch="false"/><line number="202" hits="0" branch="true" condition-coverage="0% (0/2)"><conditions><condition number="0" type="jump" coverage="0%"/></conditions></line><line number="203" hits="0" branch="false"/><line number="204" hits="0" branch="true" condition-coverage="0% (0/2)"><conditions><condition number="0" type="jump" coverage="0%"/></conditions></line><line number="205" hits="0" branch="false"/><line number="206" hits="0" branch="false"/><line number="209" hits="0" branch="false"/><line number="210" hits="0" branch="false"/><line number="218" hits="0" branch="false"/><line number="219" hits="0" branch="false"/><line number="220" hits="0" branch="false"/><line number="221" hits="0" branch="false"/><line number="223" hits="365072" branch="false"/><line number="224" hits="365072" branch="false"/><line number="229" hits="365072" branch="false"/><line number="231" hits="365072" branch="false"/><line number="233" hits="187514" branch="false"/><line number="234" hits="187514" branch="true" condition-coverage="50% (1/2)"><conditions><condition number="0" type="jump" coverage="50%"/></conditions></line><line number="235" hits="187514" branch="false"/><line number="236" hits="187514" branch="false"/><line number="238" hits="187514" branch="false"/><line number="241" hits="120" branch="false"/><line number="242" hits="120" branch="false"/><line number="243" hits="120" branch="false"/><line number="244" hits="120" branch="false"/><line number="245" hits="120" branch="false"/><line number="248" hits="85814" branch="false"/><line number="249" hits="85814" branch="true" condition-coverage="50% (1/2)"><conditions><condition number="0" type="jump" coverage="50%"/></conditions></line><line number="250" hits="0" branch="false"/><line number="251" hits="0" branch="false"/><line number="252" hits="0" branch="true" condition-coverage="0% (0/2)"><conditions><condition number="0" type="jump" coverage="0%"/></conditions></line><line number="254" hits="85814" branch="true" condition-coverage="50% (1/2)"><conditions><condition number="0" type="jump" coverage="50%"/></conditions></line><line number="255" hits="0" branch="false"/><line number="257" hits="85814" branch="false"/><line number="259" hits="85814" branch="false"/><line number="260" hits="85814" branch="false"/><line number="262" hits="85814" branch="false"/><line number="263" hits="85814" branch="true" condition-coverage="50% (1/2)"><conditions><condition number="0" type="jump" coverage="50%"/></conditions></line><line number="264" hits="85814" branch="false"/><line number="266" hits="0" branch="false"/><line number="267" hits="85814" branch="false"/><line number="269" hits="85814" branch="false"/><line number="270" hits="85814" branch="false"/><line number="271" hits="85814" branch="false"/><line number="274" hits="177438" branch="false"/><line number="275" hits="177438" branch="true" condition-coverage="50% (1/2)"><conditions><condition number="0" type="jump" coverage="50%"/></conditions></line><line number="276" hits="0" branch="false"/><line number="277" hits="0" branch="false"/><line number="278" hits="0" branch="true" condition-coverage="0% (0/2)"><conditions><condition number="0" type="jump" coverage="0%"/></conditions></line><line number="280" hits="177438" branch="true" condition-coverage="100% (2/2)"><conditions><condition number="0" type="jump" coverage="100%"/></conditions></line><line number="281" hits="85814" branch="false"/><line number="283" hits="91624" branch="false"/><line number="285" hits="91624" branch="false"/><line number="286" hits="91624" branch="false"/><line number="288" hits="91624" branch="false"/><line number="289" hits="91624" branch="true" condition-coverage="100% (2/2)"><conditions><condition number="0" type="jump" coverage="100%"/></conditions></line><line number="290" hits="91544" branch="false"/><line number="292" hits="80" branch="false"/><line number="293" hits="91624" branch="false"/><line number="295" hits="91624" branch="false"/><line number="296" hits="91624" branch="false"/><line number="297" hits="91624" branch="false"/><line number="300" hits="0" branch="false"/><line number="303" hits="0" branch="true" condition-coverage="0% (0/2)"><conditions><condition number="0" type="jump" coverage="0%"/></conditions></line><line number="304" hits="0" branch="false"/><line number="306" hits="0" branch="true" condition-coverage="0% (0/3)"><conditions><condition number="0" type="jump" coverage="0%"/></conditions></line><line number="307" hits="0" branch="false"/><line number="308" hits="0" branch="false"/><line number="309" hits="0" branch="false"/><line number="310" hits="0" branch="false"/><line number="321" hits="0" branch="false"/><line number="324" hits="0" branch="false"/><line number="325" hits="0" branch="true" condition-coverage="0% (0/2)"><conditions><condition number="0" type="jump" coverage="0%"/></conditions></line><line number="326" hits="0" branch="true" condition-coverage="0% (0/2)"><conditions><condition number="0" type="jump" coverage="0%"/></conditions></line><line number="328" hits="0" branch="false"/><line number="329" hits="0" branch="false"/><line number="340" hits="176136" branch="false"/><line number="346" hits="176136" branch="true" condition-coverage="100% (2/2)"><conditions><condition number="0" type="jump" coverage="100%"/></conditions></line><line number="347" hits="176096" branch="false"/><line number="349" hits="40" branch="false"/><line number="351" hits="176136" branch="true" condition-coverage="100% (2/2)"><conditions><condition number="0" type="jump" coverage="100%"/></conditions></line><line number="352" hits="176096" branch="false"/><line number="354" hits="40" branch="false"/><line number="356" hits="176136" branch="false"/><line number="359" hits="171184" branch="false"/><line number="360" hits="176136" branch="true" condition-coverage="100% (4/4)"><conditions><condition number="0" type="jump" coverage="100%"/></conditions></line><line number="362" hits="176136" branch="false"/><line number="363" hits="176136" branch="false"/><line number="364" hits="176136" branch="true" condition-coverage="100% (2/2)"><conditions><condition number="0" type="jump" coverage="100%"/></conditions></line><line number="365" hits="43296" branch="false"/><line number="366" hits="43296" branch="true" condition-coverage="100% (2/2)"><conditions><condition number="0" type="jump" coverage="100%"/></conditions></line><line number="367" hits="28806" branch="false"/><line number="369" hits="132840" branch="true" condition-coverage="100% (2/2)"><conditions><condition number="0" type="jump" coverage="100%"/></conditions></line><line number="370" hits="1348" branch="false"/><line number="371" hits="1348" branch="false"/><line number="374" hits="131492" branch="false"/><line number="375" hits="131492" branch="true" condition-coverage="100% (2/2)"><conditions><condition number="0" type="jump" coverage="100%"/></conditions></line><line number="378" hits="70770" branch="false"/><line number="379" hits="70770" branch="false"/><line number="380" hits="70770" branch="true" condition-coverage="100% (2/2)"><conditions><condition number="0" type="jump" coverage="100%"/></conditions></line><line number="381" hits="7858" branch="false"/><line number="382" hits="70770" branch="false"/><line number="383" hits="70770" branch="false"/><line number="385" hits="131492" branch="false"/><line number="386" hits="131492" branch="false"/><line number="387" hits="131492" branch="false"/><line number="388" hits="131492" branch="false"/><line number="391" hits="176136" branch="false"/><line number="392" hits="176136" branch="false"/><line number="394" hits="0" branch="false"/><line number="396" hits="0" branch="true" condition-coverage="0% (0/2)"><conditions><condition number="0" type="jump" coverage="0%"/></conditions></line><line number="397" hits="0" branch="false"/><line number="398" hits="0" branch="false"/><line number="399" hits="0" branch="true" condition-coverage="0% (0/2)"><conditions><condition number="0" type="jump" coverage="0%"/></conditions></line><line number="400" hits="0" branch="false"/><line number="401" hits="0" branch="false"/><line number="403" hits="0" branch="false"/><line number="406" hits="0" branch="false"/><line number="407" hits="0" branch="false"/><line number="410" hits="0" branch="false"/><line number="413" hits="0" branch="true" condition-coverage="0% (0/2)"><conditions><condition number="0" type="jump" coverage="0%"/></conditions></line><line number="416" hits="0" branch="false"/><line number="417" hits="0" branch="true" condition-coverage="0% (0/2)"><conditions><condition number="0" type="jump" coverage="0%"/></conditions></line><line number="418" hits="0" branch="false"/><line number="419" hits="0" branch="false"/><line number="421" hits="0" branch="false"/><line number="424" hits="0" branch="false"/><line number="425" hits="0" branch="true" condition-coverage="0% (0/2)"><conditions><condition number="0" type="jump" coverage="0%"/></conditions></line><line number="426" hits="0" branch="false"/><line number="427" hits="0" branch="false"/><line number="429" hits="0" branch="false"/><line number="432" hits="0" branch="false"/><line number="433" hits="0" branch="true" condition-coverage="0% (0/2)"><conditions><condition number="0" type="jump" coverage="0%"/></conditions></line><line number="434" hits="0" branch="true" condition-coverage="0% (0/2)"><conditions><condition number="0" type="jump" coverage="0%"/></conditions></line><line number="435" hits="0" branch="false"/><line number="437" hits="0" branch="false"/><line number="439" hits="0" branch="false"/><line number="440" hits="0" branch="false"/><line number="455" hits="353574" branch="false"/><line number="463" hits="2450616" branch="true" condition-coverage="100% (2/2)"><conditions><condition number="0" type="jump" coverage="100%"/></conditions></line><line number="464" hits="2097042" branch="false"/><line number="467" hits="1743468" branch="false"/><line number="468" hits="2097042" branch="true" condition-coverage="100% (4/4)"><conditions><condition number="0" type="jump" coverage="100%"/></conditions></line><line number="470" hits="2097042" branch="true" condition-coverage="100% (3/3)"><conditions><condition number="0" type="jump" coverage="100%"/></conditions></line><line number="471" hits="55286" branch="false"/><line number="472" hits="55286" branch="false"/><line number="474" hits="55286" branch="true" condition-coverage="100% (6/6)"><conditions><condition number="0" type="jump" coverage="100%"/></conditions></line><line number="482" hits="30592" branch="false"/><line number="483" hits="30592" branch="true" condition-coverage="100% (2/2)"><conditions><condition number="0" type="jump" coverage="100%"/></conditions></line><line number="484" hits="12468" branch="false"/><line number="485" hits="30592" branch="false"/><line number="486" hits="30592" branch="false"/><line number="487" hits="30592" branch="false"/><line number="488" hits="30592" branch="false"/><line number="494" hits="30592" branch="true" condition-coverage="90% (9/10)"><conditions><condition number="0" type="jump" coverage="90%"/></conditions></line><line number="495" hits="30592" branch="true" condition-coverage="40% (4/10)"><conditions><condition number="0" type="jump" coverage="40%"/></conditions></line><line number="499" hits="24694" branch="false"/><line number="500" hits="24694" branch="true" condition-coverage="100% (2/2)"><conditions><condition number="0" type="jump" coverage="100%"/></conditions></line><line number="501" hits="5402" branch="false"/><line number="502" hits="24694" branch="false"/><line number="503" hits="24694" branch="true" condition-coverage="100% (2/2)"><conditions><condition number="0" type="jump" coverage="100%"/></conditions></line><line number="504" hits="6102" branch="false"/><line number="505" hits="24694" branch="false"/><line number="507" hits="24694" branch="false"/><line number="508" hits="24694" branch="false"/><line number="509" hits="24694" branch="true" condition-coverage="50% (1/2)"><conditions><condition number="0" type="jump" coverage="50%"/></conditions></line><line number="510" hits="24694" branch="false"/><line number="511" hits="24694" branch="false"/><line number="512" hits="24694" branch="false"/><line number="519" hits="24694" branch="true" condition-coverage="70% (7/10)"><conditions><condition number="0" type="jump" coverage="70%"/></conditions></line><line number="520" hits="24694" branch="true" condition-coverage="90% (9/10)"><conditions><condition number="0" type="jump" coverage="90%"/></conditions></line><line number="521" hits="24694" branch="true" condition-coverage="40% (4/10)"><conditions><condition number="0" type="jump" coverage="40%"/></conditions></line><line number="525" hits="63574" branch="false"/><line number="526" hits="63574" branch="false"/><line number="528" hits="63574" branch="true" condition-coverage="100% (6/6)"><conditions><condition number="0" type="jump" coverage="100%"/></conditions></line><line number="536" hits="33592" branch="false"/><line number="537" hits="33592" branch="true" condition-coverage="100% (2/2)"><conditions><condition number="0" type="jump" coverage="100%"/></conditions></line><line number="538" hits="16084" branch="false"/><line number="539" hits="33592" branch="false"/><line number="540" hits="33592" branch="false"/><line number="541" hits="33592" branch="false"/><line number="542" hits="33592" branch="false"/><line number="548" hits="33592" branch="true" condition-coverage="70% (7/10)"><conditions><condition number="0" type="jump" coverage="70%"/></conditions></line><line number="549" hits="33592" branch="true" condition-coverage="60% (6/10)"><conditions><condition number="0" type="jump" coverage="60%"/></conditions></line><line number="553" hits="29982" branch="false"/><line number="554" hits="29982" branch="true" condition-coverage="100% (2/2)"><conditions><condition number="0" type="jump" coverage="100%"/></conditions></line><line number="555" hits="8558" branch="false"/><line number="556" hits="29982" branch="false"/><line number="557" hits="29982" branch="true" condition-coverage="100% (2/2)"><conditions><condition number="0" type="jump" coverage="100%"/></conditions></line><line number="558" hits="7162" branch="false"/><line number="559" hits="29982" branch="false"/><line number="561" hits="29982" branch="false"/><line number="562" hits="29982" branch="false"/><line number="563" hits="29982" branch="true" condition-coverage="50% (1/2)"><conditions><condition number="0" type="jump" coverage="50%"/></conditions></line><line number="564" hits="29982" branch="false"/><line number="565" hits="29982" branch="false"/><line number="566" hits="29982" branch="false"/><line number="573" hits="29982" branch="true" condition-coverage="90% (9/10)"><conditions><condition number="0" type="jump" coverage="90%"/></conditions></line><line number="574" hits="29982" branch="true" condition-coverage="70% (7/10)"><conditions><condition number="0" type="jump" coverage="70%"/></conditions></line><line number="575" hits="29982" branch="true" condition-coverage="40% (4/10)"><conditions><condition number="0" type="jump" coverage="40%"/></conditions></line><line number="579" hits="1978182" branch="false"/><line number="584" hits="1978182" branch="true" condition-coverage="90% (9/10)"><conditions><condition number="0" type="jump" coverage="90%"/></conditions></line><line number="589" hits="353574" branch="false"/></lines></class><class name="avl_tiny_h" filename="src/moocore/libmoocore/avl_tiny.h" line-rate="0.927710843373494" branch-rate="0.7055837563451777" complexity="0.0"><methods><method name="avl_check_balance" signature="" line-rate="1.0" branch-rate="1.0" complexity="0.0"><lines><line number="70" hits="1062" branch="false"/><line number="71" hits="1062" branch="true" condition-coverage="100% (4/4)"><conditions><condition number="0" type="jump" coverage="100%"/></conditions></line><line number="72" hits="1062" branch="true" condition-coverage="100% (2/2)"><conditions><condition number="0" type="jump" coverage="100%"/></conditions></line></lines></method><method name="avl_search_closest" signature="" line-rate="0.9166666666666666" branch-rate="0.8" complexity="0.0"><lines><line number="83" hits="561" branch="false"/><line number="85" hits="561" branch="false"/><line number="86" hits="561" branch="true" condition-coverage="50% (1/2)"><conditions><condition number="0" type="jump" coverage="50%"/></conditions></line><line number="87" hits="561" branch="false"/><line number="89" hits="1330" branch="false"/><line number="90" hits="1330" branch="true" condition-coverage="100% (2/2)"><conditions><condition number="0" type="jump" coverage="100%"/></conditions></line><line number="91" hits="757" branch="true" condition-coverage="100% (2/2)"><conditions><condition number="0" type="jump" coverage="100%"/></conditions></line><line number="94" hits="391" branch="false"/><line number="95" hits="573" branch="true" condition-coverage="50% (1/2)"><conditions><condition number="0" type="jump" coverage="50%"/></conditions></line><line number="96" hits="573" branch="true" condition-coverage="100% (2/2)"><conditions><condition number="0" type="jump" coverage="100%"/></conditions></line><line number="99" hits="170" branch="false"/><line number="101" hits="0" branch="false"/></lines></method><method name="avl_init_tree" signature="" line-rate="1.0" branch-rate="1.0" complexity="0.0"><lines><line number="111" hits="94" branch="false"/><line number="112" hits="94" branch="false"/><line number="113" hits="94" branch="false"/><line number="114" hits="94" branch="false"/><line number="115" hits="94" branch="false"/><line number="116" hits="94" branch="false"/><line number="124" hits="9" branch="false"/><line number="125" hits="9" branch="false"/></lines></method><method name="avl_clear_node" signature="" line-rate="1.0" branch-rate="1.0" complexity="0.0"><lines><line number="128" hits="570" branch="false"/><line number="129" hits="570" branch="false"/><line number="130" hits="570" branch="false"/><line number="131" hits="570" branch="false"/></lines></method><method name="avl_insert_top" signature="" line-rate="1.0" branch-rate="1.0" complexity="0.0"><lines><line number="138" hits="103" branch="false"/><line number="139" hits="103" branch="false"/><line number="140" hits="103" branch="false"/><line number="141" hits="103" branch="false"/><line number="142" hits="103" branch="false"/></lines></method><method name="avl_insert_before" signature="" line-rate="0.8333333333333334" branch-rate="0.625" complexity="0.0"><lines><line number="152" hits="364" branch="false"/><line number="153" hits="364" branch="true" condition-coverage="50% (1/2)"><conditions><condition number="0" type="jump" coverage="50%"/></conditions></line><line number="154" hits="0" branch="false"/><line number="155" hits="0" branch="false"/><line number="156" hits="0" branch="true" condition-coverage="0% (0/2)"><conditions><condition number="0" type="jump" coverage="0%"/></conditions></line><line number="158" hits="364" branch="true" condition-coverage="100% (2/2)"><conditions><condition number="0" type="jump" coverage="100%"/></conditions></line><line number="159" hits="75" branch="false"/><line number="164" hits="289" branch="false"/><line number="166" hits="289" branch="false"/><line number="167" hits="289" branch="false"/><line number="169" hits="289" branch="false"/><line number="170" hits="289" branch="true" condition-coverage="100% (2/2)"><conditions><condition number="0" type="jump" coverage="100%"/></conditions></line><line number="171" hits="168" branch="false"/><line number="173" hits="121" branch="false"/><line number="174" hits="289" branch="false"/><line number="176" hits="289" branch="false"/><line number="177" hits="289" branch="false"/><line number="178" hits="289" branch="false"/></lines></method><method name="avl_insert_after" signature="" line-rate="0.7777777777777778" branch-rate="0.5" complexity="0.0"><lines><line number="185" hits="178" branch="false"/><line number="186" hits="178" branch="true" condition-coverage="50% (1/2)"><conditions><condition number="0" type="jump" coverage="50%"/></conditions></line><line number="187" hits="0" branch="false"/><line number="188" hits="0" branch="false"/><line number="189" hits="0" branch="true" condition-coverage="0% (0/2)"><conditions><condition number="0" type="jump" coverage="0%"/></conditions></line><line number="191" hits="178" branch="true" condition-coverage="50% (1/2)"><conditions><condition number="0" type="jump" coverage="50%"/></conditions></line><line number="192" hits="0" branch="false"/><line number="197" hits="178" branch="false"/><line number="199" hits="178" branch="false"/><line number="200" hits="178" branch="false"/><line number="202" hits="178" branch="false"/><line number="203" hits="178" branch="true" condition-coverage="100% (2/2)"><conditions><condition number="0" type="jump" coverage="100%"/></conditions></line><line number="204" hits="75" branch="false"/><line number="206" hits="103" branch="false"/><line number="207" hits="178" branch="false"/><line number="209" hits="178" branch="false"/><line number="210" hits="178" branch="false"/><line number="211" hits="178" branch="false"/></lines></method><method name="avl_unlink_node" signature="" line-rate="0.9393939393939394" branch-rate="0.8888888888888888" complexity="0.0"><lines><line number="219" hits="179" branch="false"/><line number="225" hits="179" branch="true" condition-coverage="100% (2/2)"><conditions><condition number="0" type="jump" coverage="100%"/></conditions></line><line number="226" hits="119" branch="false"/><line number="228" hits="60" branch="false"/><line number="230" hits="179" branch="true" condition-coverage="50% (1/2)"><conditions><condition number="0" type="jump" coverage="50%"/></conditions></line><line number="231" hits="179" branch="false"/><line number="233" hits="0" branch="false"/><line number="235" hits="179" branch="false"/><line number="238" hits="133" branch="false"/><line number="239" hits="179" branch="true" condition-coverage="100% (4/4)"><conditions><condition number="0" type="jump" coverage="100%"/></conditions></line><line number="241" hits="179" branch="false"/><line number="242" hits="179" branch="false"/><line number="243" hits="179" branch="true" condition-coverage="100% (2/2)"><conditions><condition number="0" type="jump" coverage="100%"/></conditions></line><line number="244" hits="138" branch="false"/><line number="245" hits="138" branch="true" condition-coverage="100% (2/2)"><conditions><condition number="0" type="jump" coverage="100%"/></conditions></line><line number="246" hits="16" branch="false"/><line number="248" hits="41" branch="true" condition-coverage="100% (2/2)"><conditions><condition number="0" type="jump" coverage="100%"/></conditions></line><line number="249" hits="3" branch="false"/><line number="250" hits="3" branch="false"/><line number="253" hits="38" branch="false"/><line number="254" hits="38" branch="true" condition-coverage="100% (2/2)"><conditions><condition number="0" type="jump" coverage="100%"/></conditions></line><line number="257" hits="23" branch="false"/><line number="258" hits="23" branch="false"/><line number="259" hits="23" branch="true" condition-coverage="50% (1/2)"><conditions><condition number="0" type="jump" coverage="50%"/></conditions></line><line number="260" hits="0" branch="false"/><line number="261" hits="23" branch="false"/><line number="262" hits="23" branch="false"/><line number="264" hits="38" branch="false"/><line number="265" hits="38" branch="false"/><line number="266" hits="38" branch="false"/><line number="267" hits="38" branch="false"/><line number="270" hits="179" branch="false"/><line number="271" hits="179" branch="false"/></lines></method><method name="avl_rebalance" signature="" line-rate="0.9692307692307692" branch-rate="0.6802721088435374" complexity="0.0"><lines><line number="283" hits="646" branch="false"/><line number="291" hits="1708" branch="true" condition-coverage="100% (2/2)"><conditions><condition number="0" type="jump" coverage="100%"/></conditions></line><line number="292" hits="1062" branch="false"/><line number="295" hits="427" branch="false"/><line number="296" hits="1062" branch="true" condition-coverage="100% (4/4)"><conditions><condition number="0" type="jump" coverage="100%"/></conditions></line><line number="298" hits="1062" branch="true" condition-coverage="100% (3/3)"><conditions><condition number="0" type="jump" coverage="100%"/></conditions></line><line number="299" hits="43" branch="false"/><line number="300" hits="43" branch="false"/><line number="301" hits="43" branch="true" condition-coverage="100% (6/6)"><conditions><condition number="0" type="jump" coverage="100%"/></conditions></line><line number="302" hits="19" branch="false"/><line number="303" hits="19" branch="true" condition-coverage="100% (2/2)"><conditions><condition number="0" type="jump" coverage="100%"/></conditions></line><line number="304" hits="2" branch="false"/><line number="305" hits="19" branch="false"/><line number="306" hits="19" branch="false"/><line number="307" hits="19" branch="false"/><line number="308" hits="19" branch="false"/><line number="309" hits="19" branch="true" condition-coverage="70% (7/10)"><conditions><condition number="0" type="jump" coverage="70%"/></conditions></line><line number="310" hits="19" branch="true" condition-coverage="40% (4/10)"><conditions><condition number="0" type="jump" coverage="40%"/></conditions></line><line number="313" hits="24" branch="false"/><line number="314" hits="24" branch="true" condition-coverage="50% (1/2)"><conditions><condition number="0" type="jump" coverage="50%"/></conditions></line><line number="315" hits="0" branch="false"/><line number="316" hits="24" branch="false"/><line number="317" hits="24" branch="true" condition-coverage="100% (2/2)"><conditions><condition number="0" type="jump" coverage="100%"/></conditions></line><line number="318" hits="2" branch="false"/><line number="319" hits="24" branch="false"/><line number="321" hits="24" branch="false"/><line number="322" hits="24" branch="false"/><line number="323" hits="24" branch="true" condition-coverage="50% (1/2)"><conditions><condition number="0" type="jump" coverage="50%"/></conditions></line><line number="324" hits="24" branch="false"/><line number="325" hits="24" branch="false"/><line number="326" hits="24" branch="false"/><line number="327" hits="24" branch="true" condition-coverage="60% (6/10)"><conditions><condition number="0" type="jump" coverage="60%"/></conditions></line><line number="328" hits="24" branch="true" condition-coverage="70% (7/10)"><conditions><condition number="0" type="jump" coverage="70%"/></conditions></line><line number="329" hits="24" branch="true" condition-coverage="40% (4/10)"><conditions><condition number="0" type="jump" coverage="40%"/></conditions></line><line number="332" hits="67" branch="false"/><line number="333" hits="67" branch="false"/><line number="334" hits="67" branch="true" condition-coverage="100% (6/6)"><conditions><condition number="0" type="jump" coverage="100%"/></conditions></line><line number="335" hits="7" branch="false"/><line number="336" hits="7" branch="true" condition-coverage="100% (2/2)"><conditions><condition number="0" type="jump" coverage="100%"/></conditions></line><line number="337" hits="5" branch="false"/><line number="338" hits="7" branch="false"/><line number="339" hits="7" branch="false"/><line number="340" hits="7" branch="false"/><line number="341" hits="7" branch="false"/><line number="342" hits="7" branch="true" condition-coverage="70% (7/10)"><conditions><condition number="0" type="jump" coverage="70%"/></conditions></line><line number="343" hits="7" branch="true" condition-coverage="60% (6/10)"><conditions><condition number="0" type="jump" coverage="60%"/></conditions></line><line number="346" hits="60" branch="false"/><line number="347" hits="60" branch="true" condition-coverage="100% (2/2)"><conditions><condition number="0" type="jump" coverage="100%"/></conditions></line><line number="348" hits="1" branch="false"/><line number="349" hits="60" branch="false"/><line number="350" hits="60" branch="true" condition-coverage="50% (1/2)"><conditions><condition number="0" type="jump" coverage="50%"/></conditions></line><line number="351" hits="0" branch="false"/><line number="352" hits="60" branch="false"/><line number="354" hits="60" branch="false"/><line number="355" hits="60" branch="false"/><line number="356" hits="60" branch="true" condition-coverage="50% (1/2)"><conditions><condition number="0" type="jump" coverage="50%"/></conditions></line><line number="357" hits="60" branch="false"/><line number="358" hits="60" branch="false"/><line number="359" hits="60" branch="false"/><line number="360" hits="60" branch="true" condition-coverage="70% (7/10)"><conditions><condition number="0" type="jump" coverage="70%"/></conditions></line><line number="361" hits="60" branch="true" condition-coverage="60% (6/10)"><conditions><condition number="0" type="jump" coverage="60%"/></conditions></line><line number="362" hits="60" branch="true" condition-coverage="40% (4/10)"><conditions><condition number="0" type="jump" coverage="40%"/></conditions></line><line number="365" hits="952" branch="false"/><line number="366" hits="952" branch="true" condition-coverage="90% (9/10)"><conditions><condition number="0" type="jump" coverage="90%"/></conditions></line><line number="370" hits="646" branch="false"/></lines></method></methods><lines><line number="70" hits="1062" branch="false"/><line number="71" hits="1062" branch="true" condition-coverage="100% (4/4)"><conditions><condition number="0" type="jump" coverage="100%"/></conditions></line><line number="72" hits="1062" branch="true" condition-coverage="100% (2/2)"><conditions><condition number="0" type="jump" coverage="100%"/></conditions></line><line number="83" hits="561" branch="false"/><line number="85" hits="561" branch="false"/><line number="86" hits="561" branch="true" condition-coverage="50% (1/2)"><conditions><condition number="0" type="jump" coverage="50%"/></conditions></line><line number="87" hits="561" branch="false"/><line number="89" hits="1330" branch="false"/><line number="90" hits="1330" branch="true" condition-coverage="100% (2/2)"><conditions><condition number="0" type="jump" coverage="100%"/></conditions></line><line number="91" hits="757" branch="true" condition-coverage="100% (2/2)"><conditions><condition number="0" type="jump" coverage="100%"/></conditions></line><line number="94" hits="391" branch="false"/><line number="95" hits="573" branch="true" condition-coverage="50% (1/2)"><conditions><condition number="0" type="jump" coverage="50%"/></conditions></line><line number="96" hits="573" branch="true" condition-coverage="100% (2/2)"><conditions><condition number="0" type="jump" coverage="100%"/></conditions></line><line number="99" hits="170" branch="false"/><line number="101" hits="0" branch="false"/><line number="111" hits="94" branch="false"/><line number="112" hits="94" branch="false"/><line number="113" hits="94" branch="false"/><line number="114" hits="94" branch="false"/><line number="115" hits="94" branch="false"/><line number="116" hits="94" branch="false"/><line number="124" hits="9" branch="false"/><line number="125" hits="9" branch="false"/><line number="128" hits="570" branch="false"/><line number="129" hits="570" branch="false"/><line number="130" hits="570" branch="false"/><line number="131" hits="570" branch="false"/><line number="138" hits="103" branch="false"/><line number="139" hits="103" branch="false"/><line number="140" hits="103" branch="false"/><line number="141" hits="103" branch="false"/><line number="142" hits="103" branch="false"/><line number="152" hits="364" branch="false"/><line number="153" hits="364" branch="true" condition-coverage="50% (1/2)"><conditions><condition number="0" type="jump" coverage="50%"/></conditions></line><line number="154" hits="0" branch="false"/><line number="155" hits="0" branch="false"/><line number="156" hits="0" branch="true" condition-coverage="0% (0/2)"><conditions><condition number="0" type="jump" coverage="0%"/></conditions></line><line number="158" hits="364" branch="true" condition-coverage="100% (2/2)"><conditions><condition number="0" type="jump" coverage="100%"/></conditions></line><line number="159" hits="75" branch="false"/><line number="164" hits="289" branch="false"/><line number="166" hits="289" branch="false"/><line number="167" hits="289" branch="false"/><line number="169" hits="289" branch="false"/><line number="170" hits="289" branch="true" condition-coverage="100% (2/2)"><conditions><condition number="0" type="jump" coverage="100%"/></conditions></line><line number="171" hits="168" branch="false"/><line number="173" hits="121" branch="false"/><line number="174" hits="289" branch="false"/><line number="176" hits="289" branch="false"/><line number="177" hits="289" branch="false"/><line number="178" hits="289" branch="false"/><line number="185" hits="178" branch="false"/><line number="186" hits="178" branch="true" condition-coverage="50% (1/2)"><conditions><condition number="0" type="jump" coverage="50%"/></conditions></line><line number="187" hits="0" branch="false"/><line number="188" hits="0" branch="false"/><line number="189" hits="0" branch="true" condition-coverage="0% (0/2)"><conditions><condition number="0" type="jump" coverage="0%"/></conditions></line><line number="191" hits="178" branch="true" condition-coverage="50% (1/2)"><conditions><condition number="0" type="jump" coverage="50%"/></conditions></line><line number="192" hits="0" branch="false"/><line number="197" hits="178" branch="false"/><line number="199" hits="178" branch="false"/><line number="200" hits="178" branch="false"/><line number="202" hits="178" branch="false"/><line number="203" hits="178" branch="true" condition-coverage="100% (2/2)"><conditions><condition number="0" type="jump" coverage="100%"/></conditions></line><line number="204" hits="75" branch="false"/><line number="206" hits="103" branch="false"/><line number="207" hits="178" branch="false"/><line number="209" hits="178" branch="false"/><line number="210" hits="178" branch="false"/><line number="211" hits="178" branch="false"/><line number="219" hits="179" branch="false"/><line number="225" hits="179" branch="true" condition-coverage="100% (2/2)"><conditions><condition number="0" type="jump" coverage="100%"/></conditions></line><line number="226" hits="119" branch="false"/><line number="228" hits="60" branch="false"/><line number="230" hits="179" branch="true" condition-coverage="50% (1/2)"><conditions><condition number="0" type="jump" coverage="50%"/></conditions></line><line number="231" hits="179" branch="false"/><line number="233" hits="0" branch="false"/><line number="235" hits="179" branch="false"/><line number="238" hits="133" branch="false"/><line number="239" hits="179" branch="true" condition-coverage="100% (4/4)"><conditions><condition number="0" type="jump" coverage="100%"/></conditions></line><line number="241" hits="179" branch="false"/><line number="242" hits="179" branch="false"/><line number="243" hits="179" branch="true" condition-coverage="100% (2/2)"><conditions><condition number="0" type="jump" coverage="100%"/></conditions></line><line number="244" hits="138" branch="false"/><line number="245" hits="138" branch="true" condition-coverage="100% (2/2)"><conditions><condition number="0" type="jump" coverage="100%"/></conditions></line><line number="246" hits="16" branch="false"/><line number="248" hits="41" branch="true" condition-coverage="100% (2/2)"><conditions><condition number="0" type="jump" coverage="100%"/></conditions></line><line number="249" hits="3" branch="false"/><line number="250" hits="3" branch="false"/><line number="253" hits="38" branch="false"/><line number="254" hits="38" branch="true" condition-coverage="100% (2/2)"><conditions><condition number="0" type="jump" coverage="100%"/></conditions></line><line number="257" hits="23" branch="false"/><line number="258" hits="23" branch="false"/><line number="259" hits="23" branch="true" condition-coverage="50% (1/2)"><conditions><condition number="0" type="jump" coverage="50%"/></conditions></line><line number="260" hits="0" branch="false"/><line number="261" hits="23" branch="false"/><line number="262" hits="23" branch="false"/><line number="264" hits="38" branch="false"/><line number="265" hits="38" branch="false"/><line number="266" hits="38" branch="false"/><line number="267" hits="38" branch="false"/><line number="270" hits="179" branch="false"/><line number="271" hits="179" branch="false"/><line number="283" hits="646" branch="false"/><line number="291" hits="1708" branch="true" condition-coverage="100% (2/2)"><conditions><condition number="0" type="jump" coverage="100%"/></conditions></line><line number="292" hits="1062" branch="false"/><line number="295" hits="427" branch="false"/><line number="296" hits="1062" branch="true" condition-coverage="100% (4/4)"><conditions><condition number="0" type="jump" coverage="100%"/></conditions></line><line number="298" hits="1062" branch="true" condition-coverage="100% (3/3)"><conditions><condition number="0" type="jump" coverage="100%"/></conditions></line><line number="299" hits="43" branch="false"/><line number="300" hits="43" branch="false"/><line number="301" hits="43" branch="true" condition-coverage="100% (6/6)"><conditions><condition number="0" type="jump" coverage="100%"/></conditions></line><line number="302" hits="19" branch="false"/><line number="303" hits="19" branch="true" condition-coverage="100% (2/2)"><conditions><condition number="0" type="jump" coverage="100%"/></conditions></line><line number="304" hits="2" branch="false"/><line number="305" hits="19" branch="false"/><line number="306" hits="19" branch="false"/><line number="307" hits="19" branch="false"/><line number="308" hits="19" branch="false"/><line number="309" hits="19" branch="true" condition-coverage="70% (7/10)"><conditions><condition number="0" type="jump" coverage="70%"/></conditions></line><line number="310" hits="19" branch="true" condition-coverage="40% (4/10)"><conditions><condition number="0" type="jump" coverage="40%"/></conditions></line><line number="313" hits="24" branch="false"/><line number="314" hits="24" branch="true" condition-coverage="50% (1/2)"><conditions><condition number="0" type="jump" coverage="50%"/></conditions></line><line number="315" hits="0" branch="false"/><line number="316" hits="24" branch="false"/><line number="317" hits="24" branch="true" condition-coverage="100% (2/2)"><conditions><condition number="0" type="jump" coverage="100%"/></conditions></line><line number="318" hits="2" branch="false"/><line number="319" hits="24" branch="false"/><line number="321" hits="24" branch="false"/><line number="322" hits="24" branch="false"/><line number="323" hits="24" branch="true" condition-coverage="50% (1/2)"><conditions><condition number="0" type="jump" coverage="50%"/></conditions></line><line number="324" hits="24" branch="false"/><line number="325" hits="24" branch="false"/><line number="326" hits="24" branch="false"/><line number="327" hits="24" branch="true" condition-coverage="60% (6/10)"><conditions><condition number="0" type="jump" coverage="60%"/></conditions></line><line number="328" hits="24" branch="true" condition-coverage="70% (7/10)"><conditions><condition number="0" type="jump" coverage="70%"/></conditions></line><line number="329" hits="24" branch="true" condition-coverage="40% (4/10)"><conditions><condition number="0" type="jump" coverage="40%"/></conditions></line><line number="332" hits="67" branch="false"/><line number="333" hits="67" branch="false"/><line number="334" hits="67" branch="true" condition-coverage="100% (6/6)"><conditions><condition number="0" type="jump" coverage="100%"/></conditions></line><line number="335" hits="7" branch="false"/><line number="336" hits="7" branch="true" condition-coverage="100% (2/2)"><conditions><condition number="0" type="jump" coverage="100%"/></conditions></line><line number="337" hits="5" branch="false"/><line number="338" hits="7" branch="false"/><line number="339" hits="7" branch="false"/><line number="340" hits="7" branch="false"/><line number="341" hits="7" branch="false"/><line number="342" hits="7" branch="true" condition-coverage="70% (7/10)"><conditions><condition number="0" type="jump" coverage="70%"/></conditions></line><line number="343" hits="7" branch="true" condition-coverage="60% (6/10)"><conditions><condition number="0" type="jump" coverage="60%"/></conditions></line><line number="346" hits="60" branch="false"/><line number="347" hits="60" branch="true" condition-coverage="100% (2/2)"><conditions><condition number="0" type="jump" coverage="100%"/></conditions></line><line number="348" hits="1" branch="false"/><line number="349" hits="60" branch="false"/><line number="350" hits="60" branch="true" condition-coverage="50% (1/2)"><conditions><condition number="0" type="jump" coverage="50%"/></conditions></line><line number="351" hits="0" branch="false"/><line number="352" hits="60" branch="false"/><line number="354" hits="60" branch="false"/><line number="355" hits="60" branch="false"/><line number="356" hits="60" branch="true" condition-coverage="50% (1/2)"><conditions><condition number="0" type="jump" coverage="50%"/></conditions></line><line number="357" hits="60" branch="false"/><line number="358" hits="60" branch="false"/><line number="359" hits="60" branch="false"/><line number="360" hits="60" branch="true" condition-coverage="70% (7/10)"><conditions><condition number="0" type="jump" coverage="70%"/></conditions></line><line number="361" hits="60" branch="true" condition-coverage="60% (6/10)"><conditions><condition number="0" type="jump" coverage="60%"/></conditions></line><line number="362" hits="60" branch="true" condition-coverage="40% (4/10)"><conditions><condition number="0" type="jump" coverage="40%"/></conditions></line><line number="365" hits="952" branch="false"/><line number="366" hits="952" branch="true" condition-coverage="90% (9/10)"><conditions><condition number="0" type="jump" coverage="90%"/></conditions></line><line number="370" hits="646" branch="false"/></lines></class><class name="bit_array_h" filename="src/moocore/libmoocore/bit_array.h" line-rate="1.0" branch-rate="0.7857142857142857" complexity="0.0"><methods><method name="&lt;unknown function 18&gt;" signature="" line-rate="1.0" branch-rate="0.75" complexity="0.0"><lines><line number="18" hits="27307366" branch="false"/><line number="21" hits="27307366" branch="false"/><line number="24" hits="25383304" branch="false"/><line number="28" hits="12304658" branch="false"/><line number="29" hits="12304658" branch="false"/><line number="33" hits="13078646" branch="false"/><line number="34" hits="13078646" branch="false"/><line number="38" hits="1924062" branch="true" condition-coverage="80% (8/10)"><conditions><condition number="0" type="jump" coverage="80%"/></conditions></line><line number="43" hits="1534" branch="true" condition-coverage="50% (1/2)"><conditions><condition number="0" type="jump" coverage="50%"/></conditions></line><line number="97" hits="12" branch="false"/></lines></method><method name="bit_array_set" signature="" line-rate="1.0" branch-rate="1.0" complexity="0.0"><lines><line number="79" hits="25383304" branch="false"/><line number="80" hits="25383304" branch="true" condition-coverage="100% (2/2)"><conditions><condition number="0" type="jump" coverage="100%"/></conditions></line><line number="81" hits="25383304" branch="false"/><line number="97" hits="25447445" branch="false"/></lines></method></methods><lines><line number="18" hits="27307366" branch="false"/><line number="21" hits="27307366" branch="false"/><line number="24" hits="25383304" branch="false"/><line number="28" hits="12304658" branch="false"/><line number="29" hits="12304658" branch="false"/><line number="33" hits="13078646" branch="false"/><line number="34" hits="13078646" branch="false"/><line number="38" hits="1924062" branch="true" condition-coverage="80% (8/10)"><conditions><condition number="0" type="jump" coverage="80%"/></conditions></line><line number="43" hits="1534" branch="true" condition-coverage="50% (1/2)"><conditions><condition number="0" type="jump" coverage="50%"/></conditions></line><line number="79" hits="25383304" branch="false"/><line number="80" hits="25383304" branch="true" condition-coverage="100% (2/2)"><conditions><condition number="0" type="jump" coverage="100%"/></conditions></line><line number="81" hits="25383304" branch="false"/><line number="97" hits="12" branch="false"/><line number="97" hits="25447445" branch="false"/></lines></class><class name="common_h" filename="src/moocore/libmoocore/common.h" line-rate="0.8" branch-rate="0.5" complexity="0.0"><methods><method name="moocore_malloc" signature="" line-rate="0.8" branch-rate="0.5" complexity="0.0"><lines><line number="42" hits="2082" branch="false"/><line number="48" hits="2082" branch="false"/><line number="49" hits="2082" branch="true" condition-coverage="50% (1/2)"><conditions><condition number="0" type="jump" coverage="50%"/></conditions></line><line number="50" hits="0" branch="false"/><line number="52" hits="2082" branch="false"/></lines></method></methods><lines><line number="42" hits="2082" branch="false"/><line number="48" hits="2082" branch="false"/><line number="49" hits="2082" branch="true" condition-coverage="50% (1/2)"><conditions><condition number="0" type="jump" coverage="50%"/></conditions></line><line number="50" hits="0" branch="false"/><line number="52" hits="2082" branch="false"/></lines></class><class name="eaf3d_c" filename="src/moocore/libmoocore/eaf3d.c" line-rate="0.731638418079096" branch-rate="0.5454545454545454" complexity="0.0"><methods><method name="&lt;unknown function 52&gt;" signature="" line-rate="1.0" branch-rate="1.0" complexity="0.0"><lines><line number="52" hits="1766736" branch="false"/></lines></method><method name="compare_node" signature="" line-rate="1.0" branch-rate="1.0" complexity="0.0"><lines><line number="56" hits="100394" branch="false"/><line number="58" hits="100394" branch="false"/><line number="59" hits="100394" branch="false"/><line number="61" hits="100394" branch="true" condition-coverage="100% (2/2)"><conditions><condition number="0" type="jump" coverage="100%"/></conditions></line></lines></method><method name="setup_cdllist" signature="" line-rate="1.0" branch-rate="1.0" complexity="0.0"><lines><line number="69" hits="4" branch="false"/><line number="71" hits="4" branch="false"/><line number="72" hits="4" branch="false"/><line number="73" hits="4" branch="false"/><line number="74" hits="4" branch="false"/><line number="77" hits="10004" branch="true" condition-coverage="100% (2/2)"><conditions><condition number="0" type="jump" coverage="100%"/></conditions></line><line number="78" hits="10000" branch="true" condition-coverage="100% (2/2)"><conditions><condition number="0" type="jump" coverage="100%"/></conditions></line><line number="80" hits="10000" branch="false"/><line number="82" hits="10000" branch="false"/><line number="83" hits="10000" branch="false"/><line number="84" hits="10000" branch="false"/><line number="86" hits="4" branch="false"/><line number="88" hits="4" branch="false"/><line number="89" hits="10004" branch="true" condition-coverage="100% (2/2)"><conditions><condition number="0" type="jump" coverage="100%"/></conditions></line><line number="90" hits="10000" branch="false"/><line number="93" hits="10004" branch="true" condition-coverage="100% (2/2)"><conditions><condition number="0" type="jump" coverage="100%"/></conditions></line><line number="94" hits="10000" branch="false"/><line number="97" hits="4" branch="false"/><line number="99" hits="4" branch="false"/><line number="100" hits="4" branch="false"/><line number="101" hits="10000" branch="true" condition-coverage="100% (2/2)"><conditions><condition number="0" type="jump" coverage="100%"/></conditions></line><line number="102" hits="9996" branch="false"/><line number="103" hits="9996" branch="false"/><line number="105" hits="4" branch="false"/><line number="106" hits="4" branch="false"/><line number="109" hits="10004" branch="true" condition-coverage="100% (2/2)"><conditions><condition number="0" type="jump" coverage="100%"/></conditions></line><line number="110" hits="10000" branch="false"/><line number="112" hits="4" branch="false"/><line number="114" hits="4" branch="false"/></lines></method><method name="compare_tree_asc_x" signature="" line-rate="1.0" branch-rate="1.0" complexity="0.0"><lines><line number="119" hits="489862" branch="false"/><line number="121" hits="489862" branch="false"/><line number="122" hits="489862" branch="false"/><line number="124" hits="489862" branch="true" condition-coverage="100% (2/2)"><conditions><condition number="0" type="jump" coverage="100%"/></conditions></line></lines></method><method name="compare_tree_desc_y" signature="" line-rate="1.0" branch-rate="1.0" complexity="0.0"><lines><line number="127" hits="1544230" branch="false"/><line number="129" hits="1544230" branch="false"/><line number="130" hits="1544230" branch="false"/><line number="132" hits="1544230" branch="true" condition-coverage="100% (2/2)"><conditions><condition number="0" type="jump" coverage="100%"/></conditions></line></lines></method><method name="avl_search_closest_y" signature="" line-rate="0.8947368421052632" branch-rate="0.8333333333333334" complexity="0.0"><lines><line number="136" hits="267728" branch="false"/><line number="141" hits="267728" branch="true" condition-coverage="50% (1/2)"><conditions><condition number="0" type="jump" coverage="50%"/></conditions></line><line number="144" hits="267728" branch="false"/><line number="145" hits="267728" branch="true" condition-coverage="50% (1/2)"><conditions><condition number="0" type="jump" coverage="50%"/></conditions></line><line number="146" hits="0" branch="false"/><line number="147" hits="0" branch="false"/><line number="151" hits="1544230" branch="false"/><line number="152" hits="1544230" branch="true" condition-coverage="100% (2/2)"><conditions><condition number="0" type="jump" coverage="100%"/></conditions></line><line number="153" hits="675286" branch="true" condition-coverage="100% (2/2)"><conditions><condition number="0" type="jump" coverage="100%"/></conditions></line><line number="154" hits="625902" branch="false"/><line number="156" hits="49384" branch="false"/><line number="157" hits="49384" branch="false"/><line number="159" hits="868944" branch="true" condition-coverage="100% (2/2)"><conditions><condition number="0" type="jump" coverage="100%"/></conditions></line><line number="160" hits="713274" branch="true" condition-coverage="100% (2/2)"><conditions><condition number="0" type="jump" coverage="100%"/></conditions></line><line number="161" hits="650600" branch="false"/><line number="163" hits="62674" branch="false"/><line number="164" hits="62674" branch="false"/><line number="167" hits="155670" branch="false"/><line number="168" hits="155670" branch="false"/></lines></method><method name="find_all_promoters" signature="" line-rate="0.7272727272727273" branch-rate="0.6666666666666666" complexity="0.0"><lines><line number="175" hits="101652" branch="false"/><line number="179" hits="634497" branch="true" condition-coverage="100% (2/2)"><conditions><condition number="0" type="jump" coverage="100%"/></conditions></line><line number="180" hits="532845" branch="false"/><line number="181" hits="532845" branch="true" condition-coverage="50% (1/2)"><conditions><condition number="0" type="jump" coverage="50%"/></conditions></line><line number="182" hits="0" branch="false"/><line number="183" hits="532845" branch="false"/><line number="186" hits="101652" branch="false"/><line number="188" hits="101652" branch="true" condition-coverage="50% (1/2)"><conditions><condition number="0" type="jump" coverage="50%"/></conditions></line><line number="189" hits="0" branch="false"/><line number="190" hits="0" branch="false"/><line number="192" hits="101652" branch="false"/></lines></method><method name="printlist" signature="" line-rate="0.0" branch-rate="0.0" complexity="0.0"><lines><line number="199" hits="0" branch="false"/><line number="201" hits="0" branch="false"/><line number="202" hits="0" branch="true" condition-coverage="0% (0/2)"><conditions><condition number="0" type="jump" coverage="0%"/></conditions></line><line number="203" hits="0" branch="false"/><line number="205" hits="0" branch="true" condition-coverage="0% (0/2)"><conditions><condition number="0" type="jump" coverage="0%"/></conditions></line><line number="206" hits="0" branch="false"/><line number="209" hits="0" branch="false"/><line number="211" hits="0" branch="false"/></lines></method><method name="printset" signature="" line-rate="0.0" branch-rate="0.0" complexity="0.0"><lines><line number="214" hits="0" branch="false"/><line number="217" hits="0" branch="true" condition-coverage="0% (0/2)"><conditions><condition number="0" type="jump" coverage="0%"/></conditions></line><line number="218" hits="0" branch="true" condition-coverage="0% (0/2)"><conditions><condition number="0" type="jump" coverage="0%"/></conditions></line><line number="220" hits="0" branch="false"/><line number="223" hits="0" branch="false"/></lines></method><method name="printlevel" signature="" line-rate="0.0" branch-rate="0.0" complexity="0.0"><lines><line number="225" hits="0" branch="false"/><line number="228" hits="0" branch="true" condition-coverage="0% (0/2)"><conditions><condition number="0" type="jump" coverage="0%"/></conditions></line><line number="229" hits="0" branch="true" condition-coverage="0% (0/2)"><conditions><condition number="0" type="jump" coverage="0%"/></conditions></line><line number="231" hits="0" branch="false"/><line number="234" hits="0" branch="false"/></lines></method><method name="printlist_points_indic" signature="" line-rate="0.0" branch-rate="0.0" complexity="0.0"><lines><line number="238" hits="0" branch="false"/><line number="240" hits="0" branch="false"/><line number="242" hits="0" branch="false"/><line number="243" hits="0" branch="true" condition-coverage="0% (0/2)"><conditions><condition number="0" type="jump" coverage="0%"/></conditions></line><line number="244" hits="0" branch="false"/><line number="245" hits="0" branch="true" condition-coverage="0% (0/2)"><conditions><condition number="0" type="jump" coverage="0%"/></conditions></line><line number="246" hits="0" branch="false"/><line number="247" hits="0" branch="true" condition-coverage="0% (0/2)"><conditions><condition number="0" type="jump" coverage="0%"/></conditions></line><line number="248" hits="0" branch="false"/><line number="250" hits="0" branch="true" condition-coverage="0% (0/2)"><conditions><condition number="0" type="jump" coverage="0%"/></conditions></line><line number="252" hits="0" branch="true" condition-coverage="0% (0/2)"><conditions><condition number="0" type="jump" coverage="0%"/></conditions></line><line number="253" hits="0" branch="true" condition-coverage="0% (0/2)"><conditions><condition number="0" type="jump" coverage="0%"/></conditions></line><line number="254" hits="0" branch="false"/><line number="255" hits="0" branch="false"/><line number="256" hits="0" branch="false"/><line number="257" hits="0" branch="true" condition-coverage="0% (0/2)"><conditions><condition number="0" type="jump" coverage="0%"/></conditions></line><line number="258" hits="0" branch="false"/><line number="26
[...]
ranch="false"/><line number="97" hits="6" branch="false"/><line number="98" hits="6" branch="false"/><line number="100" hits="6" branch="false"/><line number="101" hits="6" branch="false"/><line number="102" hits="18" branch="true" condition-coverage="100% (2/2)"><conditions><condition number="0" type="jump" coverage="100%"/></conditions></line><line number="103" hits="12" branch="false"/><line number="104" hits="12" branch="false"/><line number="106" hits="6" branch="false"/><line number="107" hits="6" branch="false"/></lines></method><method name="hype_dist_gaussian_new" signature="" line-rate="1.0" branch-rate="1.0" complexity="0.0"><lines><line number="111" hits="2" branch="false"/><line number="113" hits="2" branch="false"/><line number="114" hits="2" branch="false"/><line number="116" hits="2" branch="false"/><line number="118" hits="2" branch="false"/><line number="119" hits="2" branch="false"/></lines></method><method name="hype_dist_exp_new" signature="" line-rate="1.0" branch-rate="1.0" complexity="0.0"><lines><line number="123" hits="2" branch="false"/><line number="125" hits="2" branch="false"/><line number="126" hits="2" branch="false"/><line number="127" hits="2" branch="false"/><line number="128" hits="2" branch="false"/><line number="129" hits="2" branch="false"/><line number="130" hits="2" branch="false"/></lines></method><method name="hype_dist_unif_new" signature="" line-rate="1.0" branch-rate="1.0" complexity="0.0"><lines><line number="134" hits="2" branch="false"/><line number="136" hits="2" branch="false"/><line number="137" hits="2" branch="false"/><line number="138" hits="2" branch="false"/><line number="139" hits="2" branch="false"/></lines></method><method name="hype_dist_free" signature="" line-rate="1.0" branch-rate="1.0" complexity="0.0"><lines><line number="143" hits="6" branch="false"/><line number="145" hits="6" branch="true" condition-coverage="100% (2/2)"><conditions><condition number="0" type="jump" coverage="100%"/></conditions></line><line number="146" hits="6" branch="true" condition-coverage="100% (2/2)"><conditions><condition number="0" type="jump" coverage="100%"/></conditions></line><line number="147" hits="6" branch="false"/><line number="148" hits="6" branch="false"/><line number="149" hits="6" branch="false"/><line number="150" hits="6" branch="false"/></lines></method><method name="estimate_whv" signature="" line-rate="1.0" branch-rate="0.9375" complexity="0.0"><lines><line number="153" hits="6" branch="false"/><line number="164" hits="6" branch="false"/><line number="165" hits="6" branch="false"/><line number="166" hits="600006" branch="true" condition-coverage="100% (2/2)"><conditions><condition number="0" type="jump" coverage="100%"/></conditions></line><line number="167" hits="600000" branch="false"/><line number="169" hits="1200000" branch="true" condition-coverage="100% (2/2)"><conditions><condition number="0" type="jump" coverage="100%"/></conditions></line><line number="171" hits="600000" branch="false"/><line number="172" hits="1055882" branch="true" condition-coverage="100% (2/2)"><conditions><condition number="0" type="jump" coverage="100%"/></conditions></line><line number="173" hits="894780" branch="true" condition-coverage="100% (2/2)"><conditions><condition number="0" type="jump" coverage="100%"/></conditions></line><line number="178" hits="600000" branch="true" condition-coverage="100% (2/2)"><conditions><condition number="0" type="jump" coverage="100%"/></conditions></line><line number="179" hits="600000" branch="false"/><line number="182" hits="1200000" branch="true" condition-coverage="100% (2/2)"><conditions><condition number="0" type="jump" coverage="100%"/></conditions></line><line number="183" hits="600000" branch="true" condition-coverage="100% (2/2)"><conditions><condition number="0" type="jump" coverage="100%"/></conditions></line><line number="184" hits="161102" branch="true" condition-coverage="50% (1/2)"><conditions><condition number="0" type="jump" coverage="50%"/></conditions></line><line number="185" hits="161102" branch="false"/><line number="190" hits="6" branch="false"/><line number="191" hits="6" branch="false"/><line number="193" hits="6" branch="false"/></lines></method><method name="calculate_volume_between_points" signature="" line-rate="1.0" branch-rate="1.0" complexity="0.0"><lines><line number="197" hits="6" branch="false"/><line number="200" hits="18" branch="true" condition-coverage="100% (2/2)"><conditions><condition number="0" type="jump" coverage="100%"/></conditions></line><line number="201" hits="6" branch="false"/></lines></method><method name="normalise01_inplace" signature="" line-rate="1.0" branch-rate="1.0" complexity="0.0"><lines><line number="205" hits="8" branch="false"/><line number="209" hits="8" branch="false"/><line number="211" hits="8" branch="false"/><line number="212" hits="8" branch="false"/></lines></method><method name="normalise01" signature="" line-rate="1.0" branch-rate="1.0" complexity="0.0"><lines><line number="215" hits="6" branch="false"/><line number="218" hits="6" branch="false"/><line number="220" hits="6" branch="false"/><line number="221" hits="6" branch="false"/></lines></method><method name="whv_hype_sample" signature="" line-rate="1.0" branch-rate="1.0" complexity="0.0"><lines><line number="226" hits="6" branch="false"/><line number="231" hits="6" branch="false"/><line number="232" hits="6" branch="false"/><line number="233" hits="6" branch="false"/><line number="234" hits="6" branch="false"/><line number="235" hits="6" branch="false"/><line number="238" hits="6" branch="false"/><line number="240" hits="6" branch="false"/></lines></method><method name="whv_hype_estimate" signature="" line-rate="0.0" branch-rate="0.0" complexity="0.0"><lines><line number="244" hits="0" branch="false"/><line number="250" hits="0" branch="true" condition-coverage="0% (0/2)"><conditions><condition number="0" type="jump" coverage="0%"/></conditions></line><line number="251" hits="0" branch="false"/><line number="254" hits="0" branch="false"/></lines></method><method name="whv_hype_unif" signature="" line-rate="1.0" branch-rate="1.0" complexity="0.0"><lines><line number="258" hits="2" branch="false"/><line number="262" hits="2" branch="false"/><line number="263" hits="2" branch="false"/><line number="264" hits="2" branch="false"/><line number="265" hits="2" branch="false"/></lines></method><method name="whv_hype_expo" signature="" line-rate="1.0" branch-rate="1.0" complexity="0.0"><lines><line number="269" hits="2" branch="false"/><line number="273" hits="2" branch="false"/><line number="274" hits="2" branch="false"/><line number="275" hits="2" branch="false"/><line number="276" hits="2" branch="false"/></lines></method><method name="whv_hype_gaus" signature="" line-rate="1.0" branch-rate="1.0" complexity="0.0"><lines><line number="280" hits="2" branch="false"/><line number="284" hits="2" branch="false"/><line number="287" hits="2" branch="false"/><line number="288" hits="2" branch="false"/><line number="289" hits="2" branch="false"/><line number="290" hits="2" branch="false"/></lines></method></methods><lines><line number="24" hits="0" branch="false"/><line number="26" hits="0" branch="true" condition-coverage="0% (0/2)"><conditions><condition number="0" type="jump" coverage="0%"/></conditions></line><line number="27" hits="0" branch="false"/><line number="31" hits="2" branch="false"/><line number="34" hits="2" branch="false"/><line number="38" hits="2" branch="false"/><line number="39" hits="2" branch="false"/><line number="46" hits="2" branch="false"/><line number="50" hits="2" branch="false"/><line number="53" hits="2" branch="false"/><line number="54" hits="2" branch="false"/><line number="56" hits="2" branch="false"/><line number="57" hits="2" branch="false"/><line number="58" hits="2" branch="false"/><line number="59" hits="2" branch="false"/><line number="60" hits="100002" branch="true" condition-coverage="100% (2/2)"><conditions><condition number="0" type="jump" coverage="100%"/></conditions></line><line number="62" hits="100000" branch="true" condition-coverage="50% (1/2)"><conditions><condition number="0" type="jump" coverage="50%"/></conditions></line><line number="63" hits="100000" branch="false"/><line number="65" hits="100000" branch="false"/><line number="67" hits="100002" branch="true" condition-coverage="100% (2/2)"><conditions><condition number="0" type="jump" coverage="100%"/></conditions></line><line number="69" hits="100000" branch="false"/><line number="71" hits="100000" branch="true" condition-coverage="50% (1/2)"><conditions><condition number="0" type="jump" coverage="50%"/></conditions></line><line number="72" hits="100000" branch="false"/><line number="74" hits="2" branch="false"/><line number="78" hits="2" branch="false"/><line number="81" hits="2" branch="false"/><line number="82" hits="2" branch="false"/><line number="83" hits="2" branch="false"/><line number="84" hits="2" branch="false"/><line number="85" hits="200002" branch="true" condition-coverage="100% (2/2)"><conditions><condition number="0" type="jump" coverage="100%"/></conditions></line><line number="86" hits="600000" branch="true" condition-coverage="100% (2/2)"><conditions><condition number="0" type="jump" coverage="100%"/></conditions></line><line number="87" hits="400000" branch="false"/><line number="91" hits="2" branch="false"/><line number="95" hits="6" branch="false"/><line number="97" hits="6" branch="false"/><line number="98" hits="6" branch="false"/><line number="100" hits="6" branch="false"/><line number="101" hits="6" branch="false"/><line number="102" hits="18" branch="true" condition-coverage="100% (2/2)"><conditions><condition number="0" type="jump" coverage="100%"/></conditions></line><line number="103" hits="12" branch="false"/><line number="104" hits="12" branch="false"/><line number="106" hits="6" branch="false"/><line number="107" hits="6" branch="false"/><line number="111" hits="2" branch="false"/><line number="113" hits="2" branch="false"/><line number="114" hits="2" branch="false"/><line number="116" hits="2" branch="false"/><line number="118" hits="2" branch="false"/><line number="119" hits="2" branch="false"/><line number="123" hits="2" branch="false"/><line number="125" hits="2" branch="false"/><line number="126" hits="2" branch="false"/><line number="127" hits="2" branch="false"/><line number="128" hits="2" branch="false"/><line number="129" hits="2" branch="false"/><line number="130" hits="2" branch="false"/><line number="134" hits="2" branch="false"/><line number="136" hits="2" branch="false"/><line number="137" hits="2" branch="false"/><line number="138" hits="2" branch="false"/><line number="139" hits="2" branch="false"/><line number="143" hits="6" branch="false"/><line number="145" hits="6" branch="true" condition-coverage="100% (2/2)"><conditions><condition number="0" type="jump" coverage="100%"/></conditions></line><line number="146" hits="6" branch="true" condition-coverage="100% (2/2)"><conditions><condition number="0" type="jump" coverage="100%"/></conditions></line><line number="147" hits="6" branch="false"/><line number="148" hits="6" branch="false"/><line number="149" hits="6" branch="false"/><line number="150" hits="6" branch="false"/><line number="153" hits="6" branch="false"/><line number="164" hits="6" branch="false"/><line number="165" hits="6" branch="false"/><line number="166" hits="600006" branch="true" condition-coverage="100% (2/2)"><conditions><condition number="0" type="jump" coverage="100%"/></conditions></line><line number="167" hits="600000" branch="false"/><line number="169" hits="1200000" branch="true" condition-coverage="100% (2/2)"><conditions><condition number="0" type="jump" coverage="100%"/></conditions></line><line number="171" hits="600000" branch="false"/><line number="172" hits="1055882" branch="true" condition-coverage="100% (2/2)"><conditions><condition number="0" type="jump" coverage="100%"/></conditions></line><line number="173" hits="894780" branch="true" condition-coverage="100% (2/2)"><conditions><condition number="0" type="jump" coverage="100%"/></conditions></line><line number="178" hits="600000" branch="true" condition-coverage="100% (2/2)"><conditions><condition number="0" type="jump" coverage="100%"/></conditions></line><line number="179" hits="600000" branch="false"/><line number="182" hits="1200000" branch="true" condition-coverage="100% (2/2)"><conditions><condition number="0" type="jump" coverage="100%"/></conditions></line><line number="183" hits="600000" branch="true" condition-coverage="100% (2/2)"><conditions><condition number="0" type="jump" coverage="100%"/></conditions></line><line number="184" hits="161102" branch="true" condition-coverage="50% (1/2)"><conditions><condition number="0" type="jump" coverage="50%"/></conditions></line><line number="185" hits="161102" branch="false"/><line number="190" hits="6" branch="false"/><line number="191" hits="6" branch="false"/><line number="193" hits="6" branch="false"/><line number="197" hits="6" branch="false"/><line number="200" hits="18" branch="true" condition-coverage="100% (2/2)"><conditions><condition number="0" type="jump" coverage="100%"/></conditions></line><line number="201" hits="6" branch="false"/><line number="205" hits="8" branch="false"/><line number="209" hits="8" branch="false"/><line number="211" hits="8" branch="false"/><line number="212" hits="8" branch="false"/><line number="215" hits="6" branch="false"/><line number="218" hits="6" branch="false"/><line number="220" hits="6" branch="false"/><line number="221" hits="6" branch="false"/><line number="226" hits="6" branch="false"/><line number="231" hits="6" branch="false"/><line number="232" hits="6" branch="false"/><line number="233" hits="6" branch="false"/><line number="234" hits="6" branch="false"/><line number="235" hits="6" branch="false"/><line number="238" hits="6" branch="false"/><line number="240" hits="6" branch="false"/><line number="244" hits="0" branch="false"/><line number="250" hits="0" branch="true" condition-coverage="0% (0/2)"><conditions><condition number="0" type="jump" coverage="0%"/></conditions></line><line number="251" hits="0" branch="false"/><line number="254" hits="0" branch="false"/><line number="258" hits="2" branch="false"/><line number="262" hits="2" branch="false"/><line number="263" hits="2" branch="false"/><line number="264" hits="2" branch="false"/><line number="265" hits="2" branch="false"/><line number="269" hits="2" branch="false"/><line number="273" hits="2" branch="false"/><line number="274" hits="2" branch="false"/><line number="275" hits="2" branch="false"/><line number="276" hits="2" branch="false"/><line number="280" hits="2" branch="false"/><line number="284" hits="2" branch="false"/><line number="287" hits="2" branch="false"/><line number="288" hits="2" branch="false"/><line number="289" hits="2" branch="false"/><line number="290" hits="2" branch="false"/></lines></class></classes></package><package name="src.moocore.libmoocore.mt19937" line-rate="1.0" branch-rate="1.0" complexity="0.0"><classes><class name="mt19937_c" filename="src/moocore/libmoocore/mt19937/mt19937.c" line-rate="1.0" branch-rate="1.0" complexity="0.0"><methods><method name="mt19937_seed" signature="" line-rate="1.0" branch-rate="1.0" complexity="0.0"><lines><line number="6" hits="18" branch="false"/><line number="11" hits="11250" branch="true" condition-coverage="100% (2/2)"><conditions><condition number="0" type="jump" coverage="100%"/></conditions></line><line number="12" hits="11232" branch="false"/><line number="13" hits="11232" branch="false"/><line number="15" hits="18" branch="false"/><line number="16" hits="18" branch="false"/></lines></method><method name="mt19937_gen" signature="" line-rate="1.0" branch-rate="1.0" complexity="0.0"><lines><line number="18" hits="65718" branch="false"/><line number="39" hits="14983704" branch="true" condition-coverage="100% (2/2)"><conditions><condition number="0" type="jump" coverage="100%"/></conditions></line><line number="40" hits="14917986" branch="false"/><line number="41" hits="14917986" branch="false"/><line number="43" hits="26090046" branch="true" condition-coverage="100% (2/2)"><conditions><condition number="0" type="jump" coverage="100%"/></conditions></line><line number="44" hits="26024328" branch="false"/><line number="45" hits="26024328" branch="false"/><line number="47" hits="65718" branch="false"/><line number="48" hits="65718" branch="false"/><line number="54" hits="65718" branch="false"/><line number="55" hits="65718" branch="false"/></lines></method></methods><lines><line number="6" hits="18" branch="false"/><line number="11" hits="11250" branch="true" condition-coverage="100% (2/2)"><conditions><condition number="0" type="jump" coverage="100%"/></conditions></line><line number="12" hits="11232" branch="false"/><line number="13" hits="11232" branch="false"/><line number="15" hits="18" branch="false"/><line number="16" hits="18" branch="false"/><line number="18" hits="65718" branch="false"/><line number="39" hits="14983704" branch="true" condition-coverage="100% (2/2)"><conditions><condition number="0" type="jump" coverage="100%"/></conditions></line><line number="40" hits="14917986" branch="false"/><line number="41" hits="14917986" branch="false"/><line number="43" hits="26090046" branch="true" condition-coverage="100% (2/2)"><conditions><condition number="0" type="jump" coverage="100%"/></conditions></line><line number="44" hits="26024328" branch="false"/><line number="45" hits="26024328" branch="false"/><line number="47" hits="65718" branch="false"/><line number="48" hits="65718" branch="false"/><line number="54" hits="65718" branch="false"/><line number="55" hits="65718" branch="false"/></lines></class><class name="mt19937_h" filename="src/moocore/libmoocore/mt19937/mt19937.h" line-rate="1.0" branch-rate="1.0" complexity="0.0"><methods><method name="mt19937_next" signature="" line-rate="1.0" branch-rate="1.0" complexity="0.0"><lines><line number="28" hits="41000832" branch="false"/><line number="31" hits="41000832" branch="true" condition-coverage="100% (2/2)"><conditions><condition number="0" type="jump" coverage="100%"/></conditions></line><line number="33" hits="65718" branch="false"/><line number="35" hits="41000832" branch="false"/><line number="38" hits="41000832" branch="false"/><line number="39" hits="41000832" branch="false"/><line number="40" hits="41000832" branch="false"/><line number="41" hits="41000832" branch="false"/><line number="43" hits="41000832" branch="false"/></lines></method><method name="mt19937_next64" signature="" line-rate="1.0" branch-rate="1.0" complexity="0.0"><lines><line number="46" hits="19404414" branch="false"/><line number="47" hits="19404414" branch="false"/></lines></method><method name="mt19937_next_double" signature="" line-rate="1.0" branch-rate="1.0" complexity="0.0"><lines><line number="54" hits="1096002" branch="false"/><line number="55" hits="1096002" branch="false"/><line number="56" hits="1096002" branch="false"/></lines></method></methods><lines><line number="28" hits="41000832" branch="false"/><line number="31" hits="41000832" branch="true" condition-coverage="100% (2/2)"><conditions><condition number="0" type="jump" coverage="100%"/></conditions></line><line number="33" hits="65718" branch="false"/><line number="35" hits="41000832" branch="false"/><line number="38" hits="41000832" branch="false"/><line number="39" hits="41000832" branch="false"/><line number="40" hits="41000832" branch="false"/><line number="41" hits="41000832" branch="false"/><line number="43" hits="41000832" branch="false"/><line number="46" hits="19404414" branch="false"/><line number="47" hits="19404414" branch="false"/><line number="54" hits="1096002" branch="false"/><line number="55" hits="1096002" branch="false"/><line number="56" hits="1096002" branch="false"/></lines></class></classes></package></packages></coverage>